[2025-11-28 08:59:34 : INFO] - Cache for URL: http://guitarlocal.local/preparing-to-paddle-up-the-amazon-in-south-america/ has been purged, triggered by action: wp_trash_post 
[2025-11-28 08:59:34 : INFO] - Cache for multiple term taxonomy have been purged due to post terms update, triggered by action: set_object_terms 
[2025-11-28 08:59:34 : INFO] - Cache for URL: http://guitarlocal.local/trip-to-the-moon-in-1969/ has been purged, triggered by action: wp_trash_post 
[2025-11-28 08:59:34 : INFO] - Cache for multiple term taxonomy have been purged due to post terms update, triggered by action: set_object_terms 
[2025-11-28 08:59:34 : INFO] - Cache for URL: http://guitarlocal.local/once-in-a-50-year-storm-swell-monster-a-frame-peak-in-byron-bay/ has been purged, triggered by action: wp_trash_post 
[2025-11-28 08:59:34 : INFO] - Cache for multiple term taxonomy have been purged due to post terms update, triggered by action: set_object_terms 
[2025-11-28 08:59:34 : INFO] - Cache for URL: http://guitarlocal.local/looking-for-my-felt-hat-way-back-in-the-day/ has been purged, triggered by action: wp_trash_post 
[2025-11-28 08:59:34 : INFO] - Cache for multiple term taxonomy have been purged due to post terms update, triggered by action: set_object_terms 
[2025-11-28 08:59:34 : INFO] - Cache for URL: http://guitarlocal.local/i-am-nobody/ has been purged, triggered by action: wp_trash_post 
[2025-11-28 08:59:34 : INFO] - Cache for multiple term taxonomy have been purged due to post terms update, triggered by action: set_object_terms 
[2025-11-28 08:59:35 : INFO] - Cache for URL: http://guitarlocal.local/infinity-selfie-after-living-on-in-a-digital-reality/ has been purged, triggered by action: wp_trash_post 
[2025-11-28 08:59:35 : INFO] - Cache for multiple term taxonomy have been purged due to post terms update, triggered by action: set_object_terms 
[2025-11-28 08:59:35 : INFO] - Cache for URL: http://guitarlocal.local/one-mans-trash-is-another-mans-treasure/ has been purged, triggered by action: wp_trash_post 
[2025-11-28 08:59:35 : INFO] - Cache for multiple term taxonomy have been purged due to post terms update, triggered by action: set_object_terms 
[2025-11-28 08:59:35 : INFO] - Cache for URL: http://guitarlocal.local/elia-on-the-escalator/ has been purged, triggered by action: wp_trash_post 
[2025-11-28 08:59:35 : INFO] - Cache for multiple term taxonomy have been purged due to post terms update, triggered by action: set_object_terms 
[2025-11-28 08:59:35 : INFO] - Cache for URL: http://guitarlocal.local/buddhas-enlightenment-can-you-see-the-light-brain/ has been purged, triggered by action: wp_trash_post 
[2025-11-28 08:59:35 : INFO] - Cache for multiple term taxonomy have been purged due to post terms update, triggered by action: set_object_terms 
[2025-11-28 08:59:35 : INFO] - Cache for URL: http://guitarlocal.local/lone-bike-rider-and-his-magic-hands/ has been purged, triggered by action: wp_trash_post 
[2025-11-28 08:59:35 : INFO] - Cache for multiple term taxonomy have been purged due to post terms update, triggered by action: set_object_terms 
[2025-11-28 08:59:35 : INFO] - Cache for URL: http://guitarlocal.local/yl-in-the-sky-pre-photoshop/ has been purged, triggered by action: wp_trash_post 
[2025-11-28 08:59:35 : INFO] - Cache for multiple term taxonomy have been purged due to post terms update, triggered by action: set_object_terms 
[2025-11-28 09:01:36 : INFO] - Cache for URL: http://guitarlocal.local/digital-afterlife-track-55-fingerstyle-ylia-callan-guitar/ has been purged, triggered by action: wp_trash_post 
[2025-11-28 09:01:36 : INFO] - Cache for multiple term taxonomy have been purged due to post terms update, triggered by action: set_object_terms 
[2025-11-28 09:01:36 : INFO] - Cache for URL: http://guitarlocal.local/satellites-and-the-whales-instrumental-video/ has been purged, triggered by action: wp_trash_post 
[2025-11-28 09:01:36 : INFO] - Cache for multiple term taxonomy have been purged due to post terms update, triggered by action: set_object_terms 
[2025-11-28 09:01:36 : INFO] - Cache for URL: http://guitarlocal.local/broken-g-string-fingerstyle-guitarist-instrumental-videos/ has been purged, triggered by action: wp_trash_post 
[2025-11-28 09:01:36 : INFO] - Cache for multiple term taxonomy have been purged due to post terms update, triggered by action: set_object_terms 
[2025-11-28 09:52:37 : INFO] - Full Cache Purge triggered by: plugin activation/deactivation 
[2025-11-28 09:53:33 : INFO] - Full Cache Purge triggered by: plugin activation/deactivation 
[2025-11-28 09:56:52 : INFO] - Full Cache Purge triggered by: plugin activation/deactivation 
[2025-11-28 10:59:59 : INFO] - Full Cache Purge triggered by: plugin activation/deactivation 
[2025-11-28 11:08:38 : INFO] - Full Cache Purge triggered by: plugin activation/deactivation 
[2025-11-28 11:17:16 : INFO] - Full Cache Purge triggered by: plugin activation/deactivation 
[2025-11-28 11:27:24 : INFO] - Full Cache Purge triggered by: plugin activation/deactivation 
[2025-11-28 11:28:02 : INFO] - Full Cache Purge triggered by: plugin activation/deactivation 
